<?xml version="1.0" encoding="UTF-8"?>
<!-- Generated by org.testng.reporters.JUnitXMLReporter -->
<testsuite ignored="0" hostname="YCSLAP0537" failures="0" tests="10" name="Surefire test" time="14.012" errors="0" timestamp="2024-11-14T17:10:13 IST">
  <testcase classname="pet.store.test.DataDrivenTest" name="testPostUser" time="2.478"/>
  <testcase classname="pet.store.test.DataDrivenTest" name="testPostUser" time="1.091"/>
  <testcase classname="pet.store.test.DataDrivenTest" name="testPostUser" time="1.07"/>
  <testcase classname="pet.store.test.DataDrivenTest" name="testDeleteUser" time="1.106"/>
  <testcase classname="pet.store.test.DataDrivenTest" name="testDeleteUser" time="1.085"/>
  <testcase classname="pet.store.test.DataDrivenTest" name="testDeleteUser" time="1.083"/>
  <testcase classname="pet.store.test.UserTests" name="testPostUser" time="1.096"/>
  <testcase classname="pet.store.test.UserTests" name="testGetUserByName" time="1.075"/>
  <testcase classname="pet.store.test.UserTests" name="testUpdateUserByName" time="2.168"/>
  <testcase classname="pet.store.test.UserTests" name="testDeleteUser" time="1.084"/>
</testsuite> <!-- Surefire test -->
