<?xml version="1.0" encoding="UTF-8"?>
<!-- Generated by org.testng.reporters.JUnitXMLReporter -->
<testsuite ignored="0" hostname="YCSLAP0537" failures="0" tests="6" name="Default test" time="44.978" errors="0" timestamp="2024-11-04T16:10:13 IST">
  <testcase classname="pet.store.test.DataDrivenTest" name="testPostUser" time="2.453"/>
  <testcase classname="pet.store.test.DataDrivenTest" name="testPostUser" time="1.106"/>
  <testcase classname="pet.store.test.DataDrivenTest" name="testPostUser" time="1.105"/>
  <testcase classname="pet.store.test.DataDrivenTest" name="testDeleteUser" time="1.105"/>
  <testcase classname="pet.store.test.DataDrivenTest" name="testDeleteUser" time="1.084"/>
  <testcase classname="pet.store.test.DataDrivenTest" name="testDeleteUser" time="1.087"/>
</testsuite> <!-- Default test -->
