<?xml version="1.0" encoding="UTF-8"?>
<testng-results ignored="0" total="10" passed="10" failed="0" skipped="0">
  <reporter-output>
  </reporter-output>
  <suite started-at="2024-11-14T17:09:59 IST" name="Surefire suite" finished-at="2024-11-14T17:10:13 IST" duration-ms="14012">
    <groups>
    </groups>
    <test started-at="2024-11-14T17:09:59 IST" name="Surefire test" finished-at="2024-11-14T17:10:13 IST" duration-ms="14012">
      <class name="pet.store.test.DataDrivenTest">
        <test-method signature="testPostUser(java.lang.String,java.lang.String,java.lang.String,java.lang.String,java.lang.String,java.lang.String,java.lang.String)[pri:1, instance:pet.store.test.DataDrivenTest@147ed70f]" started-at="2024-11-14T17:09:59 IST" name="testPostUser" data-provider="Data" finished-at="2024-11-14T17:10:02 IST" duration-ms="2478" status="PASS">
          <params>
            <param index="0">
              <value>
                <![CDATA[6789]]>
              </value>
            </param>
            <param index="1">
              <value>
                <![CDATA[TestingOne]]>
              </value>
            </param>
            <param index="2">
              <value>
                <![CDATA[Raj]]>
              </value>
            </param>
            <param index="3">
              <value>
                <![CDATA[sharma]]>
              </value>
            </param>
            <param index="4">
              <value>
                <![CDATA[Raj@gmail.com]]>
              </value>
            </param>
            <param index="5">
              <value>
                <![CDATA[8765456]]>
              </value>
            </param>
            <param index="6">
              <value>
                <![CDATA[9876543456]]>
              </value>
            </param>
          </params>
          <reporter-output>
          </reporter-output>
        </test-method> <!-- testPostUser -->
        <test-method signature="testPostUser(java.lang.String,java.lang.String,java.lang.String,java.lang.String,java.lang.String,java.lang.String,java.lang.String)[pri:1, instance:pet.store.test.DataDrivenTest@147ed70f]" started-at="2024-11-14T17:10:02 IST" name="testPostUser" data-provider="Data" finished-at="2024-11-14T17:10:03 IST" duration-ms="1091" status="PASS">
          <params>
            <param index="0">
              <value>
                <![CDATA[6790]]>
              </value>
            </param>
            <param index="1">
              <value>
                <![CDATA[Testingtwo]]>
              </value>
            </param>
            <param index="2">
              <value>
                <![CDATA[Shyam]]>
              </value>
            </param>
            <param index="3">
              <value>
                <![CDATA[Sundar]]>
              </value>
            </param>
            <param index="4">
              <value>
                <![CDATA[Shyam@gmail.com]]>
              </value>
            </param>
            <param index="5">
              <value>
                <![CDATA[8765456]]>
              </value>
            </param>
            <param index="6">
              <value>
                <![CDATA[8765432345]]>
              </value>
            </param>
          </params>
          <reporter-output>
          </reporter-output>
        </test-method> <!-- testPostUser -->
        <test-method signature="testPostUser(java.lang.String,java.lang.String,java.lang.String,java.lang.String,java.lang.String,java.lang.String,java.lang.String)[pri:1, instance:pet.store.test.DataDrivenTest@147ed70f]" started-at="2024-11-14T17:10:03 IST" name="testPostUser" data-provider="Data" finished-at="2024-11-14T17:10:04 IST" duration-ms="1070" status="PASS">
          <params>
            <param index="0">
              <value>
                <![CDATA[6791]]>
              </value>
            </param>
            <param index="1">
              <value>
                <![CDATA[TestingThree]]>
              </value>
            </param>
            <param index="2">
              <value>
                <![CDATA[Ravi]]>
              </value>
            </param>
            <param index="3">
              <value>
                <![CDATA[Ram]]>
              </value>
            </param>
            <param index="4">
              <value>
                <![CDATA[ravi@gmail.com]]>
              </value>
            </param>
            <param index="5">
              <value>
                <![CDATA[8765456]]>
              </value>
            </param>
            <param index="6">
              <value>
                <![CDATA[7654323456]]>
              </value>
            </param>
          </params>
          <reporter-output>
          </reporter-output>
        </test-method> <!-- testPostUser -->
        <test-method signature="testDeleteUser(java.lang.String)[pri:2, instance:pet.store.test.DataDrivenTest@147ed70f]" started-at="2024-11-14T17:10:04 IST" name="testDeleteUser" data-provider="DeleteUser" finished-at="2024-11-14T17:10:05 IST" duration-ms="1106" status="PASS">
          <params>
            <param index="0">
              <value>
                <![CDATA[TestingOne]]>
              </value>
            </param>
          </params>
          <reporter-output>
          </reporter-output>
        </test-method> <!-- testDeleteUser -->
        <test-method signature="testDeleteUser(java.lang.String)[pri:2, instance:pet.store.test.DataDrivenTest@147ed70f]" started-at="2024-11-14T17:10:05 IST" name="testDeleteUser" data-provider="DeleteUser" finished-at="2024-11-14T17:10:06 IST" duration-ms="1085" status="PASS">
          <params>
            <param index="0">
              <value>
                <![CDATA[Testingtwo]]>
              </value>
            </param>
          </params>
          <reporter-output>
          </reporter-output>
        </test-method> <!-- testDeleteUser -->
        <test-method signature="testDeleteUser(java.lang.String)[pri:2, instance:pet.store.test.DataDrivenTest@147ed70f]" started-at="2024-11-14T17:10:06 IST" name="testDeleteUser" data-provider="DeleteUser" finished-at="2024-11-14T17:10:07 IST" duration-ms="1083" status="PASS">
          <params>
            <param index="0">
              <value>
                <![CDATA[TestingThree]]>
              </value>
            </param>
          </params>
          <reporter-output>
          </reporter-output>
        </test-method> <!-- testDeleteUser -->
      </class> <!-- pet.store.test.DataDrivenTest -->
      <class name="pet.store.test.UserTests">
        <test-method is-config="true" signature="dataSetup()[pri:0, instance:pet.store.test.UserTests@20d28811]" started-at="2024-11-14T17:10:07 IST" name="dataSetup" finished-at="2024-11-14T17:10:08 IST" duration-ms="119" status="PASS">
          <reporter-output>
          </reporter-output>
        </test-method> <!-- dataSetup -->
        <test-method signature="testPostUser()[pri:1, instance:pet.store.test.UserTests@20d28811]" started-at="2024-11-14T17:10:08 IST" name="testPostUser" finished-at="2024-11-14T17:10:09 IST" duration-ms="1096" status="PASS">
          <reporter-output>
          </reporter-output>
        </test-method> <!-- testPostUser -->
        <test-method signature="testGetUserByName()[pri:2, instance:pet.store.test.UserTests@20d28811]" started-at="2024-11-14T17:10:09 IST" name="testGetUserByName" finished-at="2024-11-14T17:10:10 IST" duration-ms="1075" status="PASS">
          <reporter-output>
          </reporter-output>
        </test-method> <!-- testGetUserByName -->
        <test-method signature="testUpdateUserByName()[pri:3, instance:pet.store.test.UserTests@20d28811]" started-at="2024-11-14T17:10:10 IST" name="testUpdateUserByName" finished-at="2024-11-14T17:10:12 IST" duration-ms="2168" status="PASS">
          <reporter-output>
          </reporter-output>
        </test-method> <!-- testUpdateUserByName -->
        <test-method signature="testDeleteUser()[pri:4, instance:pet.store.test.UserTests@20d28811]" started-at="2024-11-14T17:10:12 IST" name="testDeleteUser" finished-at="2024-11-14T17:10:13 IST" duration-ms="1084" status="PASS">
          <reporter-output>
          </reporter-output>
        </test-method> <!-- testDeleteUser -->
      </class> <!-- pet.store.test.UserTests -->
    </test> <!-- Surefire test -->
  </suite> <!-- Surefire suite -->
</testng-results>
