<?xml version="1.0" encoding="UTF-8"?>
<testng-results ignored="0" total="6" passed="6" failed="0" skipped="0">
  <reporter-output>
  </reporter-output>
  <suite started-at="2024-11-04T16:09:28 IST" name="Default suite" finished-at="2024-11-04T16:10:13 IST" duration-ms="44978">
    <groups>
    </groups>
    <test started-at="2024-11-04T16:09:28 IST" name="Default test" finished-at="2024-11-04T16:10:13 IST" duration-ms="44978">
      <class name="pet.store.test.DataDrivenTest">
        <test-method signature="testPostUser(java.lang.String,java.lang.String,java.lang.String,java.lang.String,java.lang.String,java.lang.String,java.lang.String)[pri:1, instance:pet.store.test.DataDrivenTest@4d154ccd]" started-at="2024-11-04T16:09:28 IST" name="testPostUser" data-provider="Data" finished-at="2024-11-04T16:09:31 IST" duration-ms="2453" status="PASS">
          <params>
            <param index="0">
              <value>
                <![CDATA[6789]]>
              </value>
            </param>
            <param index="1">
              <value>
                <![CDATA[TestingOne]]>
              </value>
            </param>
            <param index="2">
              <value>
                <![CDATA[Raj]]>
              </value>
            </param>
            <param index="3">
              <value>
                <![CDATA[sharma]]>
              </value>
            </param>
            <param index="4">
              <value>
                <![CDATA[Raj@gmail.com]]>
              </value>
            </param>
            <param index="5">
              <value>
                <![CDATA[8765456]]>
              </value>
            </param>
            <param index="6">
              <value>
                <![CDATA[9876543456]]>
              </value>
            </param>
          </params>
          <reporter-output>
          </reporter-output>
        </test-method> <!-- testPostUser -->
        <test-method signature="testPostUser(java.lang.String,java.lang.String,java.lang.String,java.lang.String,java.lang.String,java.lang.String,java.lang.String)[pri:1, instance:pet.store.test.DataDrivenTest@4d154ccd]" started-at="2024-11-04T16:09:31 IST" name="testPostUser" data-provider="Data" finished-at="2024-11-04T16:09:32 IST" duration-ms="1106" status="PASS">
          <params>
            <param index="0">
              <value>
                <![CDATA[6790]]>
              </value>
            </param>
            <param index="1">
              <value>
                <![CDATA[Testingtwo]]>
              </value>
            </param>
            <param index="2">
              <value>
                <![CDATA[Shyam]]>
              </value>
            </param>
            <param index="3">
              <value>
                <![CDATA[Sundar]]>
              </value>
            </param>
            <param index="4">
              <value>
                <![CDATA[Shyam@gmail.com]]>
              </value>
            </param>
            <param index="5">
              <value>
                <![CDATA[8765456]]>
              </value>
            </param>
            <param index="6">
              <value>
                <![CDATA[8765432345]]>
              </value>
            </param>
          </params>
          <reporter-output>
          </reporter-output>
        </test-method> <!-- testPostUser -->
        <test-method signature="testPostUser(java.lang.String,java.lang.String,java.lang.String,java.lang.String,java.lang.String,java.lang.String,java.lang.String)[pri:1, instance:pet.store.test.DataDrivenTest@4d154ccd]" started-at="2024-11-04T16:09:32 IST" name="testPostUser" data-provider="Data" finished-at="2024-11-04T16:09:33 IST" duration-ms="1105" status="PASS">
          <params>
            <param index="0">
              <value>
                <![CDATA[6791]]>
              </value>
            </param>
            <param index="1">
              <value>
                <![CDATA[TestingThree]]>
              </value>
            </param>
            <param index="2">
              <value>
                <![CDATA[Ravi]]>
              </value>
            </param>
            <param index="3">
              <value>
                <![CDATA[Ram]]>
              </value>
            </param>
            <param index="4">
              <value>
                <![CDATA[ravi@gmail.com]]>
              </value>
            </param>
            <param index="5">
              <value>
                <![CDATA[8765456]]>
              </value>
            </param>
            <param index="6">
              <value>
                <![CDATA[7654323456]]>
              </value>
            </param>
          </params>
          <reporter-output>
          </reporter-output>
        </test-method> <!-- testPostUser -->
        <test-method signature="testDeleteUser(java.lang.String)[pri:2, instance:pet.store.test.DataDrivenTest@4d154ccd]" started-at="2024-11-04T16:10:10 IST" name="testDeleteUser" data-provider="DeleteUser" finished-at="2024-11-04T16:10:11 IST" duration-ms="1105" status="PASS">
          <params>
            <param index="0">
              <value>
                <![CDATA[TestingOne]]>
              </value>
            </param>
          </params>
          <reporter-output>
          </reporter-output>
        </test-method> <!-- testDeleteUser -->
        <test-method signature="testDeleteUser(java.lang.String)[pri:2, instance:pet.store.test.DataDrivenTest@4d154ccd]" started-at="2024-11-04T16:10:11 IST" name="testDeleteUser" data-provider="DeleteUser" finished-at="2024-11-04T16:10:12 IST" duration-ms="1084" status="PASS">
          <params>
            <param index="0">
              <value>
                <![CDATA[Testingtwo]]>
              </value>
            </param>
          </params>
          <reporter-output>
          </reporter-output>
        </test-method> <!-- testDeleteUser -->
        <test-method signature="testDeleteUser(java.lang.String)[pri:2, instance:pet.store.test.DataDrivenTest@4d154ccd]" started-at="2024-11-04T16:10:12 IST" name="testDeleteUser" data-provider="DeleteUser" finished-at="2024-11-04T16:10:13 IST" duration-ms="1087" status="PASS">
          <params>
            <param index="0">
              <value>
                <![CDATA[TestingThree]]>
              </value>
            </param>
          </params>
          <reporter-output>
          </reporter-output>
        </test-method> <!-- testDeleteUser -->
      </class> <!-- pet.store.test.DataDrivenTest -->
    </test> <!-- Default test -->
  </suite> <!-- Default suite -->
</testng-results>
